This is pdfTeX, Version 3.141592653-2.6-1.40.25 (TeX Live 2023) (preloaded format=pdflatex 2023.7.4)  19 JUL 2023 10:49
entering extended mode
 restricted \write18 enabled.
 %&-line parsing enabled.
**ch0-02-introduction.tex
(./ch0-02-introduction.tex
LaTeX2e <2023-06-01> patch level 1
L3 programming layer <2023-06-30>
! Undefined control sequence.
l.1 \chapter
            *{ë“¤ì–´ê°€ë©°}
The control sequence at the end of the top line
of your error message was never \def'ed. If you have
misspelled it (e.g., `\hobx'), type `I' and the correct
spelling (e.g., `I\hbox'). Otherwise just continue,
and I'll forget about whatever was undefined.


! LaTeX Error: Missing \begin{document}.

See the LaTeX manual or LaTeX Companion for explanation.
Type  H <return>  for immediate help.
 ...                                              
                                                  
l.1 \chapter*
             {ë“¤ì–´ê°€ë©°}
You're in trouble here.  Try typing  <return>  to proceed.
If that doesn't work, type  X <return>  to quit.

Missing character: There is no * in font nullfont!

! LaTeX Error: Unicode character ë“¤ (U+B4E4)
               not set up for use with LaTeX.

See the LaTeX manual or LaTeX Companion for explanation.
Type  H <return>  for immediate help.
 ...                                              
                                                  
l.1 \chapter*{ë“¤
                 ì–´ê°€ë©°}
You may provide a definition with
\DeclareUnicodeCharacter 


! LaTeX Error: Unicode character ì–´ (U+C5B4)
               not set up for use with LaTeX.

See the LaTeX manual or LaTeX Companion for explanation.
Type  H <return>  for immediate help.
 ...                                              
                                                  
l.1 \chapter*{ë“¤ì–´
                    ê°€ë©°}
You may provide a definition with
\DeclareUnicodeCharacter 


! LaTeX Error: Unicode character ê°€ (U+AC00)
               not set up for use with LaTeX.

See the LaTeX manual or LaTeX Companion for explanation.
Type  H <return>  for immediate help.
 ...                                              
                                                  
l.1 \chapter*{ë“¤ì–´ê°€
                       ë©°}
You may provide a definition with
\DeclareUnicodeCharacter 


! LaTeX Error: Unicode character ë©° (U+BA70)
               not set up for use with LaTeX.

See the LaTeX manual or LaTeX Companion for explanation.
Type  H <return>  for immediate help.
 ...                                              
                                                  
l.1 \chapter*{ë“¤ì–´ê°€ë©°
                          }
You may provide a definition with
\DeclareUnicodeCharacter 


Overfull \hbox (20.0pt too wide) in paragraph at lines 1--3
[]
 []


! LaTeX Error: Environment chapquote undefined.

See the LaTeX manual or LaTeX Companion for explanation.
Type  H <return>  for immediate help.
 ...                                              
                                                  
l.4 \begin{chapquote}
                     {ë£¨ì´ìŠ¤ ìºë¡¤, \textit{ì´ìƒí•œ ë‚˜ë¼ì˜ ì•¨ë¦¬ìŠ¤}}

Your command was ignored.
Type  I <command> <return>  to replace it with another command,
or  <return>  to continue without it.


! LaTeX Error: Unicode character ë£¨ (U+B8E8)
               not set up for use with LaTeX.

See the LaTeX manual or LaTeX Companion for explanation.
Type  H <return>  for immediate help.
 ...                                              
                                                  
l.4 \begin{chapquote}{ë£¨
                         ì´ìŠ¤ ìºë¡¤, \textit{ì´ìƒí•œ ë‚˜ë¼ì˜ ì•¨ë¦¬ìŠ¤}}

You may provide a definition with
\DeclareUnicodeCharacter 


! LaTeX Error: Unicode character ì´ (U+C774)
               not set up for use with LaTeX.

See the LaTeX manual or LaTeX Companion for explanation.
Type  H <return>  for immediate help.
 ...                                              
                                                  
l.4 \begin{chapquote}{ë£¨ì´
                            ìŠ¤ ìºë¡¤, \textit{ì´ìƒí•œ ë‚˜ë¼ì˜ ì•¨ë¦¬ìŠ¤}}

You may provide a definition with
\DeclareUnicodeCharacter 


! LaTeX Error: Unicode character ìŠ¤ (U+C2A4)
               not set up for use with LaTeX.

See the LaTeX manual or LaTeX Companion for explanation.
Type  H <return>  for immediate help.
 ...                                              
                                                  
l.4 \begin{chapquote}{ë£¨ì´ìŠ¤
                                ìºë¡¤, \textit{ì´ìƒí•œ ë‚˜ë¼ì˜ ì•¨ë¦¬ìŠ¤}}

You may provide a definition with
\DeclareUnicodeCharacter 


! LaTeX Error: Unicode character ìº (U+CE90)
               not set up for use with LaTeX.

See the LaTeX manual or LaTeX Companion for explanation.
Type  H <return>  for immediate help.
 ...                                              
                                                  
l.4 \begin{chapquote}{ë£¨ì´ìŠ¤ ìº
                                   ë¡¤, \textit{ì´ìƒí•œ ë‚˜ë¼ì˜ ì•¨ë¦¬ìŠ¤}}

You may provide a definition with
\DeclareUnicodeCharacter 


! LaTeX Error: Unicode character ë¡¤ (U+B864)
               not set up for use with LaTeX.

See the LaTeX manual or LaTeX Companion for explanation.
Type  H <return>  for immediate help.
 ...                                              
                                                  
l.4 \begin{chapquote}{ë£¨ì´ìŠ¤ ìºë¡¤
                                      , \textit{ì´ìƒí•œ ë‚˜ë¼ì˜ ì•¨ë¦¬ìŠ¤}}

You may provide a definition with
\DeclareUnicodeCharacter 


! LaTeX Error: Missing \begin{document}.

See the LaTeX manual or LaTeX Companion for explanation.
Type  H <return>  for immediate help.
 ...                                              
                                                  
l.4 \begin{chapquote}{ë£¨ì´ìŠ¤ ìºë¡¤,
                                        \textit{ì´ìƒí•œ ë‚˜ë¼ì˜ ì•¨ë¦¬ìŠ¤}}

You're in trouble here.  Try typing  <return>  to proceed.
If that doesn't work, type  X <return>  to quit.

Missing character: There is no , in font nullfont!

! LaTeX Error: Unicode character ì´ (U+C774)
               not set up for use with LaTeX.

See the LaTeX manual or LaTeX Companion for explanation.
Type  H <return>  for immediate help.
 ...                                              
                                                  
l.4 ...ë¡¤, \textit{ì´ìƒí•œ ë‚˜ë¼ì˜ ì•¨ë¦¬ìŠ¤}
                                                  }
You may provide a definition with
\DeclareUnicodeCharacter 


! LaTeX Error: Unicode character ìƒ (U+C0C1)
               not set up for use with LaTeX.

See the LaTeX manual or LaTeX Companion for explanation.
Type  H <return>  for immediate help.
 ...                                              
                                                  
l.4 ...ë¡¤, \textit{ì´ìƒí•œ ë‚˜ë¼ì˜ ì•¨ë¦¬ìŠ¤}
                                                  }
You may provide a definition with
\DeclareUnicodeCharacter 


! LaTeX Error: Unicode character í•œ (U+D55C)
               not set up for use with LaTeX.

See the LaTeX manual or LaTeX Companion for explanation.
Type  H <return>  for immediate help.
 ...                                              
                                                  
l.4 ...ë¡¤, \textit{ì´ìƒí•œ ë‚˜ë¼ì˜ ì•¨ë¦¬ìŠ¤}
                                                  }
You may provide a definition with
\DeclareUnicodeCharacter 


! LaTeX Error: Unicode character ë‚˜ (U+B098)
               not set up for use with LaTeX.

See the LaTeX manual or LaTeX Companion for explanation.
Type  H <return>  for immediate help.
 ...                                              
                                                  
l.4 ...ë¡¤, \textit{ì´ìƒí•œ ë‚˜ë¼ì˜ ì•¨ë¦¬ìŠ¤}
                                                  }
You may provide a definition with
\DeclareUnicodeCharacter 


! LaTeX Error: Unicode character ë¼ (U+B77C)
               not set up for use with LaTeX.

See the LaTeX manual or LaTeX Companion for explanation.
Type  H <return>  for immediate help.
 ...                                              
                                                  
l.4 ...ë¡¤, \textit{ì´ìƒí•œ ë‚˜ë¼ì˜ ì•¨ë¦¬ìŠ¤}
                                                  }
You may provide a definition with
\DeclareUnicodeCharacter 


! LaTeX Error: Unicode character ì˜ (U+C758)
               not set up for use with LaTeX.

See the LaTeX manual or LaTeX Companion for explanation.
Type  H <return>  for immediate help.
 ...                                              
                                                  
l.4 ...ë¡¤, \textit{ì´ìƒí•œ ë‚˜ë¼ì˜ ì•¨ë¦¬ìŠ¤}
                                                  }
You may provide a definition with
\DeclareUnicodeCharacter 


! LaTeX Error: Unicode character ì•¨ (U+C568)
               not set up for use with LaTeX.

See the LaTeX manual or LaTeX Companion for explanation.
Type  H <return>  for immediate help.
 ...                                              
                                                  
l.4 ...ë¡¤, \textit{ì´ìƒí•œ ë‚˜ë¼ì˜ ì•¨ë¦¬ìŠ¤}
                                                  }
You may provide a definition with
\DeclareUnicodeCharacter 


! LaTeX Error: Unicode character ë¦¬ (U+B9AC)
               not set up for use with LaTeX.

See the LaTeX manual or LaTeX Companion for explanation.
Type  H <return>  for immediate help.
 ...                                              
                                                  
l.4 ...ë¡¤, \textit{ì´ìƒí•œ ë‚˜ë¼ì˜ ì•¨ë¦¬ìŠ¤}
                                                  }
You may provide a definition with
\DeclareUnicodeCharacter 


! LaTeX Error: Unicode character ìŠ¤ (U+C2A4)
               not set up for use with LaTeX.

See the LaTeX manual or LaTeX Companion for explanation.
Type  H <return>  for immediate help.
 ...                                              
                                                  
l.4 ...ë¡¤, \textit{ì´ìƒí•œ ë‚˜ë¼ì˜ ì•¨ë¦¬ìŠ¤}
                                                  }
You may provide a definition with
\DeclareUnicodeCharacter 

! Undefined control sequence.
l.5 \enquote
            {ë‚˜ëŠ” ì´ìƒí•œ ì„¸ìƒì— ë“¤ì–´ê°€ê³  ì‹¶ì§€ ì•Šì•„,} ì•¨ë¦¬ì...
The control sequence at the end of the top line
of your error message was never \def'ed. If you have
misspelled it (e.g., `\hobx'), type `I' and the correct
spelling (e.g., `I\hbox'). Otherwise just continue,
and I'll forget about whatever was undefined.


! LaTeX Error: Unicode character ë‚˜ (U+B098)
               not set up for use with LaTeX.

See the LaTeX manual or LaTeX Companion for explanation.
Type  H <return>  for immediate help.
 ...                                              
                                                  
l.5 \enquote{ë‚˜
                ëŠ” ì´ìƒí•œ ì„¸ìƒì— ë“¤ì–´ê°€ê³  ì‹¶ì§€ ì•Šì•„,} ì•¨ë¦¬ì...

You may provide a definition with
\DeclareUnicodeCharacter 


! LaTeX Error: Unicode character ëŠ” (U+B294)
               not set up for use with LaTeX.

See the LaTeX manual or LaTeX Companion for explanation.
Type  H <return>  for immediate help.
 ...                                              
                                                  
l.5 \enquote{ë‚˜ëŠ”
                    ì´ìƒí•œ ì„¸ìƒì— ë“¤ì–´ê°€ê³  ì‹¶ì§€ ì•Šì•„,} ì•¨ë¦¬ì...

You may provide a definition with
\DeclareUnicodeCharacter 


! LaTeX Error: Unicode character ì´ (U+C774)
               not set up for use with LaTeX.

See the LaTeX manual or LaTeX Companion for explanation.
Type  H <return>  for immediate help.
 ...                                              
                                                  
l.5 \enquote{ë‚˜ëŠ” ì´
                       ìƒí•œ ì„¸ìƒì— ë“¤ì–´ê°€ê³  ì‹¶ì§€ ì•Šì•„,} ì•¨ë¦¬ì...

You may provide a definition with
\DeclareUnicodeCharacter 


! LaTeX Error: Unicode character ìƒ (U+C0C1)
               not set up for use with LaTeX.

See the LaTeX manual or LaTeX Companion for explanation.
Type  H <return>  for immediate help.
 ...                                              
                                                  
l.5 \enquote{ë‚˜ëŠ” ì´ìƒ
                          í•œ ì„¸ìƒì— ë“¤ì–´ê°€ê³  ì‹¶ì§€ ì•Šì•„,} ì•¨ë¦¬ì...

You may provide a definition with
\DeclareUnicodeCharacter 


! LaTeX Error: Unicode character í•œ (U+D55C)
               not set up for use with LaTeX.

See the LaTeX manual or LaTeX Companion for explanation.
Type  H <return>  for immediate help.
 ...                                              
                                                  
l.5 \enquote{ë‚˜ëŠ” ì´ìƒí•œ
                              ì„¸ìƒì— ë“¤ì–´ê°€ê³  ì‹¶ì§€ ì•Šì•„,} ì•¨ë¦¬ì...

You may provide a definition with
\DeclareUnicodeCharacter 


! LaTeX Error: Unicode character ì„¸ (U+C138)
               not set up for use with LaTeX.

See the LaTeX manual or LaTeX Companion for explanation.
Type  H <return>  for immediate help.
 ...                                              
                                                  
l.5 \enquote{ë‚˜ëŠ” ì´ìƒí•œ ì„¸
                                 ìƒì— ë“¤ì–´ê°€ê³  ì‹¶ì§€ ì•Šì•„,} ì•¨ë¦¬ì...

You may provide a definition with
\DeclareUnicodeCharacter 


! LaTeX Error: Unicode character ìƒ (U+C0C1)
               not set up for use with LaTeX.

See the LaTeX manual or LaTeX Companion for explanation.
Type  H <return>  for immediate help.
 ...                                              
                                                  
l.5 \enquote{ë‚˜ëŠ” ì´ìƒí•œ ì„¸ìƒ
                                    ì— ë“¤ì–´ê°€ê³  ì‹¶ì§€ ì•Šì•„,} ì•¨ë¦¬ì...

You may provide a definition with
\DeclareUnicodeCharacter 


! LaTeX Error: Unicode character ì— (U+C5D0)
               not set up for use with LaTeX.

See the LaTeX manual or LaTeX Companion for explanation.
Type  H <return>  for immediate help.
 ...                                              
                                                  
l.5 \enquote{ë‚˜ëŠ” ì´ìƒí•œ ì„¸ìƒì—
                                        ë“¤ì–´ê°€ê³  ì‹¶ì§€ ì•Šì•„,} ì•¨ë¦¬ì...

You may provide a definition with
\DeclareUnicodeCharacter 


! LaTeX Error: Unicode character ë“¤ (U+B4E4)
               not set up for use with LaTeX.

See the LaTeX manual or LaTeX Companion for explanation.
Type  H <return>  for immediate help.
 ...                                              
                                                  
l.5 \enquote{ë‚˜ëŠ” ì´ìƒí•œ ì„¸ìƒì— ë“¤
                                           ì–´ê°€ê³  ì‹¶ì§€ ì•Šì•„,} ì•¨ë¦¬ì...

You may provide a definition with
\DeclareUnicodeCharacter 


! LaTeX Error: Unicode character ì–´ (U+C5B4)
               not set up for use with LaTeX.

See the LaTeX manual or LaTeX Companion for explanation.
Type  H <return>  for immediate help.
 ...                                              
                                                  
l.5 \enquote{ë‚˜ëŠ” ì´ìƒí•œ ì„¸ìƒì— ë“¤ì–´
                                              ê°€ê³  ì‹¶ì§€ ì•Šì•„,} ì•¨ë¦¬ì...

You may provide a definition with
\DeclareUnicodeCharacter 


! LaTeX Error: Unicode character ê°€ (U+AC00)
               not set up for use with LaTeX.

See the LaTeX manual or LaTeX Companion for explanation.
Type  H <return>  for immediate help.
 ...                                              
                                                  
l.5 \enquote{ë‚˜ëŠ” ì´ìƒí•œ ì„¸ìƒì— ë“¤ì–´ê°€
                                                 ê³  ì‹¶ì§€ ì•Šì•„,} ì•¨ë¦¬ì...

You may provide a definition with
\DeclareUnicodeCharacter 


! LaTeX Error: Unicode character ê³  (U+ACE0)
               not set up for use with LaTeX.

See the LaTeX manual or LaTeX Companion for explanation.
Type  H <return>  for immediate help.
 ...                                              
                                                  
l.5 ...ote{ë‚˜ëŠ” ì´ìƒí•œ ì„¸ìƒì— ë“¤ì–´ê°€ê³ 
                                                   ì‹¶ì§€ ì•Šì•„,} ì•¨ë¦¬ìŠ¤...

You may provide a definition with
\DeclareUnicodeCharacter 


! LaTeX Error: Unicode character ì‹¶ (U+C2F6)
               not set up for use with LaTeX.

See the LaTeX manual or LaTeX Companion for explanation.
Type  H <return>  for immediate help.
 ...                                              
                                                  
l.5 ...ë‚˜ëŠ” ì´ìƒí•œ ì„¸ìƒì— ë“¤ì–´ê°€ê³  ì‹¶
                                                  ì§€ ì•Šì•„,} ì•¨ë¦¬ìŠ¤ê°€ ...

You may provide a definition with
\DeclareUnicodeCharacter 


! LaTeX Error: Unicode character ì§€ (U+C9C0)
               not set up for use with LaTeX.

See the LaTeX manual or LaTeX Companion for explanation.
Type  H <return>  for immediate help.
 ...                                              
                                                  
l.5 ...ëŠ” ì´ìƒí•œ ì„¸ìƒì— ë“¤ì–´ê°€ê³  ì‹¶ì§€
                                                   ì•Šì•„,} ì•¨ë¦¬ìŠ¤ê°€ ë§...

You may provide a definition with
\DeclareUnicodeCharacter 


! LaTeX Error: Unicode character ì•Š (U+C54A)
               not set up for use with LaTeX.

See the LaTeX manual or LaTeX Companion for explanation.
Type  H <return>  for immediate help.
 ...                                              
                                                  
l.5 ...ì´ìƒí•œ ì„¸ìƒì— ë“¤ì–´ê°€ê³  ì‹¶ì§€ ì•Š
                                                  ì•„,} ì•¨ë¦¬ìŠ¤ê°€ ë§í–ˆë...

You may provide a definition with
\DeclareUnicodeCharacter 


! LaTeX Error: Unicode character ì•„ (U+C544)
               not set up for use with LaTeX.

See the LaTeX manual or LaTeX Companion for explanation.
Type  H <return>  for immediate help.
 ...                                              
                                                  
l.5 ...ìƒí•œ ì„¸ìƒì— ë“¤ì–´ê°€ê³  ì‹¶ì§€ ì•Šì•„
                                                  ,} ì•¨ë¦¬ìŠ¤ê°€ ë§í–ˆë‹¤....

You may provide a definition with
\DeclareUnicodeCharacter 

Missing character: There is no , in font nullfont!

! LaTeX Error: Unicode character ì•¨ (U+C568)
               not set up for use with LaTeX.

See the LaTeX manual or LaTeX Companion for explanation.
Type  H <return>  for immediate help.
 ...                                              
                                                  
l.5 ... ì„¸ìƒì— ë“¤ì–´ê°€ê³  ì‹¶ì§€ ì•Šì•„,} ì•¨
                                                  ë¦¬ìŠ¤ê°€ ë§í–ˆë‹¤. \enqu...

You may provide a definition with
\DeclareUnicodeCharacter 


! LaTeX Error: Unicode character ë¦¬ (U+B9AC)
               not set up for use with LaTeX.

See the LaTeX manual or LaTeX Companion for explanation.
Type  H <return>  for immediate help.
 ...                                              
                                                  
l.5 ...¸ìƒì— ë“¤ì–´ê°€ê³  ì‹¶ì§€ ì•Šì•„,} ì•¨ë¦¬
                                                  ìŠ¤ê°€ ë§í–ˆë‹¤. \enquote...

You may provide a definition with
\DeclareUnicodeCharacter 


! LaTeX Error: Unicode character ìŠ¤ (U+C2A4)
               not set up for use with LaTeX.

See the LaTeX manual or LaTeX Companion for explanation.
Type  H <return>  for immediate help.
 ...                                              
                                                  
l.5 ...ì— ë“¤ì–´ê°€ê³  ì‹¶ì§€ ì•Šì•„,} ì•¨ë¦¬ìŠ¤
                                                  ê°€ ë§í–ˆë‹¤. \enquote{ë„...

You may provide a definition with
\DeclareUnicodeCharacter 


! LaTeX Error: Unicode character ê°€ (U+AC00)
               not set up for use with LaTeX.

See the LaTeX manual or LaTeX Companion for explanation.
Type  H <return>  for immediate help.
 ...                                              
                                                  
l.5 ... ë“¤ì–´ê°€ê³  ì‹¶ì§€ ì•Šì•„,} ì•¨ë¦¬ìŠ¤ê°€
                                                   ë§í–ˆë‹¤. \enquote{ë„ˆëŠ...

You may provide a definition with
\DeclareUnicodeCharacter 


! LaTeX Error: Unicode character ë§ (U+B9D0)
               not set up for use with LaTeX.

See the LaTeX manual or LaTeX Companion for explanation.
Type  H <return>  for immediate help.
 ...                                              
                                                  
l.5 ...¤ì–´ê°€ê³  ì‹¶ì§€ ì•Šì•„,} ì•¨ë¦¬ìŠ¤ê°€ ë§
                                                  í–ˆë‹¤. \enquote{ë„ˆëŠ” ì—...

You may provide a definition with
\DeclareUnicodeCharacter 


! LaTeX Error: Unicode character í–ˆ (U+D588)
               not set up for use with LaTeX.

See the LaTeX manual or LaTeX Companion for explanation.
Type  H <return>  for immediate help.
 ...                                              
                                                  
l.5 ...´ê°€ê³  ì‹¶ì§€ ì•Šì•„,} ì•¨ë¦¬ìŠ¤ê°€ ë§í–ˆ
                                                  ë‹¤. \enquote{ë„ˆëŠ” ì—¬ê¸...

You may provide a definition with
\DeclareUnicodeCharacter 


! LaTeX Error: Unicode character ë‹¤ (U+B2E4)
               not set up for use with LaTeX.

See the LaTeX manual or LaTeX Companion for explanation.
Type  H <return>  for immediate help.
 ...                                              
                                                  
l.5 ...€ê³  ì‹¶ì§€ ì•Šì•„,} ì•¨ë¦¬ìŠ¤ê°€ ë§í–ˆë‹¤
                                                  . \enquote{ë„ˆëŠ” ì—¬ê¸°ì„...

You may provide a definition with
\DeclareUnicodeCharacter 

Missing character: There is no . in font nullfont!
! Undefined control sequence.
l.5 ...€ ì•Šì•„,} ì•¨ë¦¬ìŠ¤ê°€ ë§í–ˆë‹¤. \enquote
                                                  {ë„ˆëŠ” ì—¬ê¸°ì„œ ë¹ ì ¸ë‚...
The control sequence at the end of the top line
of your error message was never \def'ed. If you have
misspelled it (e.g., `\hobx'), type `I' and the correct
spelling (e.g., `I\hbox'). Otherwise just continue,
and I'll forget about whatever was undefined.


! LaTeX Error: Unicode character ë„ˆ (U+B108)
               not set up for use with LaTeX.

See the LaTeX manual or LaTeX Companion for explanation.
Type  H <return>  for immediate help.
 ...                                              
                                                  
l.5 ...Šì•„,} ì•¨ë¦¬ìŠ¤ê°€ ë§í–ˆë‹¤. \enquote{ë„ˆ
                                                  ëŠ” ì—¬ê¸°ì„œ ë¹ ì ¸ë‚˜ì˜¬...

You may provide a definition with
\DeclareUnicodeCharacter 


! LaTeX Error: Unicode character ëŠ” (U+B294)
               not set up for use with LaTeX.

See the LaTeX manual or LaTeX Companion for explanation.
Type  H <return>  for immediate help.
 ...                                              
                                                  
l.5 ...„,} ì•¨ë¦¬ìŠ¤ê°€ ë§í–ˆë‹¤. \enquote{ë„ˆëŠ”
                                                   ì—¬ê¸°ì„œ ë¹ ì ¸ë‚˜ì˜¬ìˆ˜...

You may provide a definition with
\DeclareUnicodeCharacter 


! LaTeX Error: Unicode character ì—¬ (U+C5EC)
               not set up for use with LaTeX.

See the LaTeX manual or LaTeX Companion for explanation.
Type  H <return>  for immediate help.
 ...                                              
                                                  
l.5 ...ì•¨ë¦¬ìŠ¤ê°€ ë§í–ˆë‹¤. \enquote{ë„ˆëŠ” ì—¬
                                                  ê¸°ì„œ ë¹ ì ¸ë‚˜ì˜¬ìˆ˜ ì—†...

You may provide a definition with
\DeclareUnicodeCharacter 


! LaTeX Error: Unicode character ê¸° (U+AE30)
               not set up for use with LaTeX.

See the LaTeX manual or LaTeX Companion for explanation.
Type  H <return>  for immediate help.
 ...                                              
                                                  
l.5 ...ë¦¬ìŠ¤ê°€ ë§í–ˆë‹¤. \enquote{ë„ˆëŠ” ì—¬ê¸°
                                                  ì„œ ë¹ ì ¸ë‚˜ì˜¬ìˆ˜ ì—†ì–´,}
You may provide a definition with
\DeclareUnicodeCharacter 


! LaTeX Error: Unicode character ì„œ (U+C11C)
               not set up for use with LaTeX.

See the LaTeX manual or LaTeX Companion for explanation.
Type  H <return>  for immediate help.
 ...                                              
                                                  
l.5 ...ìŠ¤ê°€ ë§í–ˆë‹¤. \enquote{ë„ˆëŠ” ì—¬ê¸°ì„œ
                                                   ë¹ ì ¸ë‚˜ì˜¬ìˆ˜ ì—†ì–´,}
You may provide a definition with
\DeclareUnicodeCharacter 


! LaTeX Error: Unicode character ë¹  (U+BE60)
               not set up for use with LaTeX.

See the LaTeX manual or LaTeX Companion for explanation.
Type  H <return>  for immediate help.
 ...                                              
                                                  
l.5 ...°€ ë§í–ˆë‹¤. \enquote{ë„ˆëŠ” ì—¬ê¸°ì„œ ë¹ 
                                                  ì ¸ë‚˜ì˜¬ìˆ˜ ì—†ì–´,}
You may provide a definition with
\DeclareUnicodeCharacter 


! LaTeX Error: Unicode character ì ¸ (U+C838)
               not set up for use with LaTeX.

See the LaTeX manual or LaTeX Companion for explanation.
Type  H <return>  for immediate help.
 ...                                              
                                                  
l.5 ...ë§í–ˆë‹¤. \enquote{ë„ˆëŠ” ì—¬ê¸°ì„œ ë¹ ì ¸
                                                  ë‚˜ì˜¬ìˆ˜ ì—†ì–´,}
You may provide a definition with
\DeclareUnicodeCharacter 


! LaTeX Error: Unicode character ë‚˜ (U+B098)
               not set up for use with LaTeX.

See the LaTeX manual or LaTeX Companion for explanation.
Type  H <return>  for immediate help.
 ...                                              
                                                  
l.5 ...í–ˆë‹¤. \enquote{ë„ˆëŠ” ì—¬ê¸°ì„œ ë¹ ì ¸ë‚˜
                                                  ì˜¬ìˆ˜ ì—†ì–´,}
You may provide a definition with
\DeclareUnicodeCharacter 


! LaTeX Error: Unicode character ì˜¬ (U+C62C)
               not set up for use with LaTeX.

See the LaTeX manual or LaTeX Companion for explanation.
Type  H <return>  for immediate help.
 ...                                              
                                                  
l.5 ...ë‹¤. \enquote{ë„ˆëŠ” ì—¬ê¸°ì„œ ë¹ ì ¸ë‚˜ì˜¬
                                                  ìˆ˜ ì—†ì–´,}
You may provide a definition with
\DeclareUnicodeCharacter 


! LaTeX Error: Unicode character ìˆ˜ (U+C218)
               not set up for use with LaTeX.

See the LaTeX manual or LaTeX Companion for explanation.
Type  H <return>  for immediate help.
 ...                                              
                                                  
l.5 .... \enquote{ë„ˆëŠ” ì—¬ê¸°ì„œ ë¹ ì ¸ë‚˜ì˜¬ìˆ˜
                                                   ì—†ì–´,}
You may provide a definition with
\DeclareUnicodeCharacter 


! LaTeX Error: Unicode character ì—† (U+C5C6)
               not set up for use with LaTeX.

See the LaTeX manual or LaTeX Companion for explanation.
Type  H <return>  for immediate help.
 ...                                              
                                                  
l.5 ...nquote{ë„ˆëŠ” ì—¬ê¸°ì„œ ë¹ ì ¸ë‚˜ì˜¬ìˆ˜ ì—†
                                                  ì–´,}
You may provide a definition with
\DeclareUnicodeCharacter 


! LaTeX Error: Unicode character ì–´ (U+C5B4)
               not set up for use with LaTeX.

See the LaTeX manual or LaTeX Companion for explanation.
Type  H <return>  for immediate help.
 ...                                              
                                                  
l.5 ...ote{ë„ˆëŠ” ì—¬ê¸°ì„œ ë¹ ì ¸ë‚˜ì˜¬ìˆ˜ ì—†ì–´
                                                  ,}
You may provide a definition with
\DeclareUnicodeCharacter 

Missing character: There is no , in font nullfont!

! LaTeX Error: Unicode character ê³  (U+ACE0)
               not set up for use with LaTeX.

See the LaTeX manual or LaTeX Companion for explanation.
Type  H <return>  for immediate help.
 ...                                              
                                                  
l.6 ê³ 
       ì–‘ì´ê°€ ë§í–ˆë‹¤. \enquote{ìš°ë¦¬ëŠ” ëª¨ë‘ ë¯¸ì³¤ì–´. ë‚˜ë„ ë¯¸ì...

You may provide a definition with
\DeclareUnicodeCharacter 


! LaTeX Error: Unicode character ì–‘ (U+C591)
               not set up for use with LaTeX.

See the LaTeX manual or LaTeX Companion for explanation.
Type  H <return>  for immediate help.
 ...                                              
                                                  
l.6 ê³ ì–‘
          ì´ê°€ ë§í–ˆë‹¤. \enquote{ìš°ë¦¬ëŠ” ëª¨ë‘ ë¯¸ì³¤ì–´. ë‚˜ë„ ë¯¸ì...

You may provide a definition with
\DeclareUnicodeCharacter 


! LaTeX Error: Unicode character ì´ (U+C774)
               not set up for use with LaTeX.

See the LaTeX manual or LaTeX Companion for explanation.
Type  H <return>  for immediate help.
 ...                                              
                                                  
l.6 ê³ ì–‘ì´
             ê°€ ë§í–ˆë‹¤. \enquote{ìš°ë¦¬ëŠ” ëª¨ë‘ ë¯¸ì³¤ì–´. ë‚˜ë„ ë¯¸ì...

You may provide a definition with
\DeclareUnicodeCharacter 


! LaTeX Error: Unicode character ê°€ (U+AC00)
               not set up for use with LaTeX.

See the LaTeX manual or LaTeX Companion for explanation.
Type  H <return>  for immediate help.
 ...                                              
                                                  
l.6 ê³ ì–‘ì´ê°€
                 ë§í–ˆë‹¤. \enquote{ìš°ë¦¬ëŠ” ëª¨ë‘ ë¯¸ì³¤ì–´. ë‚˜ë„ ë¯¸ì...

You may provide a definition with
\DeclareUnicodeCharacter 


! LaTeX Error: Unicode character ë§ (U+B9D0)
               not set up for use with LaTeX.

See the LaTeX manual or LaTeX Companion for explanation.
Type  H <return>  for immediate help.
 ...                                              
                                                  
l.6 ê³ ì–‘ì´ê°€ ë§
                    í–ˆë‹¤. \enquote{ìš°ë¦¬ëŠ” ëª¨ë‘ ë¯¸ì³¤ì–´. ë‚˜ë„ ë¯¸ì...

You may provide a definition with
\DeclareUnicodeCharacter 


! LaTeX Error: Unicode character í–ˆ (U+D588)
               not set up for use with LaTeX.

See the LaTeX manual or LaTeX Companion for explanation.
Type  H <return>  for immediate help.
 ...                                              
                                                  
l.6 ê³ ì–‘ì´ê°€ ë§í–ˆ
                       ë‹¤. \enquote{ìš°ë¦¬ëŠ” ëª¨ë‘ ë¯¸ì³¤ì–´. ë‚˜ë„ ë¯¸ì...

You may provide a definition with
\DeclareUnicodeCharacter 


! LaTeX Error: Unicode character ë‹¤ (U+B2E4)
               not set up for use with LaTeX.

See the LaTeX manual or LaTeX Companion for explanation.
Type  H <return>  for immediate help.
 ...                                              
                                                  
l.6 ê³ ì–‘ì´ê°€ ë§í–ˆë‹¤
                          . \enquote{ìš°ë¦¬ëŠ” ëª¨ë‘ ë¯¸ì³¤ì–´. ë‚˜ë„ ë¯¸ì...

You may provide a definition with
\DeclareUnicodeCharacter 

Missing character: There is no . in font nullfont!
! Undefined control sequence.
l.6 ê³ ì–‘ì´ê°€ ë§í–ˆë‹¤. \enquote
                                    {ìš°ë¦¬ëŠ” ëª¨ë‘ ë¯¸ì³¤ì–´. ë‚˜ë„ ë¯¸ì...
The control sequence at the end of the top line
of your error message was never \def'ed. If you have
misspelled it (e.g., `\hobx'), type `I' and the correct
spelling (e.g., `I\hbox'). Otherwise just continue,
and I'll forget about whatever was undefined.


! LaTeX Error: Unicode character ìš° (U+C6B0)
               not set up for use with LaTeX.

See the LaTeX manual or LaTeX Companion for explanation.
Type  H <return>  for immediate help.
 ...                                              
                                                  
l.6 ê³ ì–‘ì´ê°€ ë§í–ˆë‹¤. \enquote{ìš°
                                        ë¦¬ëŠ” ëª¨ë‘ ë¯¸ì³¤ì–´. ë‚˜ë„ ë¯¸ì...

You may provide a definition with
\DeclareUnicodeCharacter 


! LaTeX Error: Unicode character ë¦¬ (U+B9AC)
               not set up for use with LaTeX.

See the LaTeX manual or LaTeX Companion for explanation.
Type  H <return>  for immediate help.
 ...                                              
                                                  
l.6 ê³ ì–‘ì´ê°€ ë§í–ˆë‹¤. \enquote{ìš°ë¦¬
                                           ëŠ” ëª¨ë‘ ë¯¸ì³¤ì–´. ë‚˜ë„ ë¯¸ì...

You may provide a definition with
\DeclareUnicodeCharacter 


! LaTeX Error: Unicode character ëŠ” (U+B294)
               not set up for use with LaTeX.

See the LaTeX manual or LaTeX Companion for explanation.
Type  H <return>  for immediate help.
 ...                                              
                                                  
l.6 ê³ ì–‘ì´ê°€ ë§í–ˆë‹¤. \enquote{ìš°ë¦¬ëŠ”
                                               ëª¨ë‘ ë¯¸ì³¤ì–´. ë‚˜ë„ ë¯¸ì...

You may provide a definition with
\DeclareUnicodeCharacter 


! LaTeX Error: Unicode character ëª¨ (U+BAA8)
               not set up for use with LaTeX.

See the LaTeX manual or LaTeX Companion for explanation.
Type  H <return>  for immediate help.
 ...                                              
                                                  
l.6 ê³ ì–‘ì´ê°€ ë§í–ˆë‹¤. \enquote{ìš°ë¦¬ëŠ” ëª¨
                                                  ë‘ ë¯¸ì³¤ì–´. ë‚˜ë„ ë¯¸ì...

You may provide a definition with
\DeclareUnicodeCharacter 


! LaTeX Error: Unicode character ë‘ (U+B450)
               not set up for use with LaTeX.

See the LaTeX manual or LaTeX Companion for explanation.
Type  H <return>  for immediate help.
 ...                                              
                                                  
l.6 ...ì´ê°€ ë§í–ˆë‹¤. \enquote{ìš°ë¦¬ëŠ” ëª¨ë‘
                                                   ë¯¸ì³¤ì–´. ë‚˜ë„ ë¯¸ì³¤ì...

You may provide a definition with
\DeclareUnicodeCharacter 


! LaTeX Error: Unicode character ë¯¸ (U+BBF8)
               not set up for use with LaTeX.

See the LaTeX manual or LaTeX Companion for explanation.
Type  H <return>  for immediate help.
 ...                                              
                                                  
l.6 ...°€ ë§í–ˆë‹¤. \enquote{ìš°ë¦¬ëŠ” ëª¨ë‘ ë¯¸
                                                  ì³¤ì–´. ë‚˜ë„ ë¯¸ì³¤ì–´. ...

You may provide a definition with
\DeclareUnicodeCharacter 


! LaTeX Error: Unicode character ì³¤ (U+CCE4)
               not set up for use with LaTeX.

See the LaTeX manual or LaTeX Companion for explanation.
Type  H <return>  for immediate help.
 ...                                              
                                                  
l.6 ...ë§í–ˆë‹¤. \enquote{ìš°ë¦¬ëŠ” ëª¨ë‘ ë¯¸ì³¤
                                                  ì–´. ë‚˜ë„ ë¯¸ì³¤ì–´. ë„ˆ...

You may provide a definition with
\DeclareUnicodeCharacter 


! LaTeX Error: Unicode character ì–´ (U+C5B4)
               not set up for use with LaTeX.

See the LaTeX manual or LaTeX Companion for explanation.
Type  H <return>  for immediate help.
 ...                                              
                                                  
l.6 ...í–ˆë‹¤. \enquote{ìš°ë¦¬ëŠ” ëª¨ë‘ ë¯¸ì³¤ì–´
                                                  . ë‚˜ë„ ë¯¸ì³¤ì–´. ë„ˆë„...

You may provide a definition with
\DeclareUnicodeCharacter 

Missing character: There is no . in font nullfont!

! LaTeX Error: Unicode character ë‚˜ (U+B098)
               not set up for use with LaTeX.

See the LaTeX manual or LaTeX Companion for explanation.
Type  H <return>  for immediate help.
 ...                                              
                                                  
l.6 ...¤. \enquote{ìš°ë¦¬ëŠ” ëª¨ë‘ ë¯¸ì³¤ì–´. ë‚˜
                                                  ë„ ë¯¸ì³¤ì–´. ë„ˆë„ ë¯¸ì...

You may provide a definition with
\DeclareUnicodeCharacter 


! LaTeX Error: Unicode character ë„ (U+B3C4)
               not set up for use with LaTeX.

See the LaTeX manual or LaTeX Companion for explanation.
Type  H <return>  for immediate help.
 ...                                              
                                                  
l.6 ...\enquote{ìš°ë¦¬ëŠ” ëª¨ë‘ ë¯¸ì³¤ì–´. ë‚˜ë„
                                                   ë¯¸ì³¤ì–´. ë„ˆë„ ë¯¸ì³¤ì...

You may provide a definition with
\DeclareUnicodeCharacter 


! LaTeX Error: Unicode character ë¯¸ (U+BBF8)
               not set up for use with LaTeX.

See the LaTeX manual or LaTeX Companion for explanation.
Type  H <return>  for immediate help.
 ...                                              
                                                  
l.6 ...uote{ìš°ë¦¬ëŠ” ëª¨ë‘ ë¯¸ì³¤ì–´. ë‚˜ë„ ë¯¸
                                                  ì³¤ì–´. ë„ˆë„ ë¯¸ì³¤ì–´.}...

You may provide a definition with
\DeclareUnicodeCharacter 


! LaTeX Error: Unicode character ì³¤ (U+CCE4)
               not set up for use with LaTeX.

See the LaTeX manual or LaTeX Companion for explanation.
Type  H <return>  for immediate help.
 ...                                              
                                                  
l.6 ...e{ìš°ë¦¬ëŠ” ëª¨ë‘ ë¯¸ì³¤ì–´. ë‚˜ë„ ë¯¸ì³¤
                                                  ì–´. ë„ˆë„ ë¯¸ì³¤ì–´.} \e...

You may provide a definition with
\DeclareUnicodeCharacter 


! LaTeX Error: Unicode character ì–´ (U+C5B4)
               not set up for use with LaTeX.

See the LaTeX manual or LaTeX Companion for explanation.
Type  H <return>  for immediate help.
 ...                                              
                                                  
l.6 ...š°ë¦¬ëŠ” ëª¨ë‘ ë¯¸ì³¤ì–´. ë‚˜ë„ ë¯¸ì³¤ì–´
                                                  . ë„ˆë„ ë¯¸ì³¤ì–´.} \enqu...

You may provide a definition with
\DeclareUnicodeCharacter 

Missing character: There is no . in font nullfont!

! LaTeX Error: Unicode character ë„ˆ (U+B108)
               not set up for use with LaTeX.

See the LaTeX manual or LaTeX Companion for explanation.
Type  H <return>  for immediate help.
 ...                                              
                                                  
l.6 ...ëŠ” ëª¨ë‘ ë¯¸ì³¤ì–´. ë‚˜ë„ ë¯¸ì³¤ì–´. ë„ˆ
                                                  ë„ ë¯¸ì³¤ì–´.} \enquote{ë...

You may provide a definition with
\DeclareUnicodeCharacter 


! LaTeX Error: Unicode character ë„ (U+B3C4)
               not set up for use with LaTeX.

See the LaTeX manual or LaTeX Companion for explanation.
Type  H <return>  for immediate help.
 ...                                              
                                                  
l.6 ... ëª¨ë‘ ë¯¸ì³¤ì–´. ë‚˜ë„ ë¯¸ì³¤ì–´. ë„ˆë„
                                                   ë¯¸ì³¤ì–´.} \enquote{ë‚´ê...

You may provide a definition with
\DeclareUnicodeCharacter 


! LaTeX Error: Unicode character ë¯¸ (U+BBF8)
               not set up for use with LaTeX.

See the LaTeX manual or LaTeX Companion for explanation.
Type  H <return>  for immediate help.
 ...                                              
                                                  
l.6 ...ë‘ ë¯¸ì³¤ì–´. ë‚˜ë„ ë¯¸ì³¤ì–´. ë„ˆë„ ë¯¸
                                                  ì³¤ì–´.} \enquote{ë‚´ê°€ ë...

You may provide a definition with
\DeclareUnicodeCharacter 


! LaTeX Error: Unicode character ì³¤ (U+CCE4)
               not set up for use with LaTeX.

See the LaTeX manual or LaTeX Companion for explanation.
Type  H <return>  for immediate help.
 ...                                              
                                                  
l.6 ... ë¯¸ì³¤ì–´. ë‚˜ë„ ë¯¸ì³¤ì–´. ë„ˆë„ ë¯¸ì³¤
                                                  ì–´.} \enquote{ë‚´ê°€ ë¯¸ì...

You may provide a definition with
\DeclareUnicodeCharacter 


! LaTeX Error: Unicode character ì–´ (U+C5B4)
               not set up for use with LaTeX.

See the LaTeX manual or LaTeX Companion for explanation.
Type  H <return>  for immediate help.
 ...                                              
                                                  
l.6 ...¸ì³¤ì–´. ë‚˜ë„ ë¯¸ì³¤ì–´. ë„ˆë„ ë¯¸ì³¤ì–´
                                                  .} \enquote{ë‚´ê°€ ë¯¸ì¹œê...

You may provide a definition with
\DeclareUnicodeCharacter 

Missing character: There is no . in font nullfont!
! Undefined control sequence.
l.6 ...˜ë„ ë¯¸ì³¤ì–´. ë„ˆë„ ë¯¸ì³¤ì–´.} \enquote
                                                  {ë‚´ê°€ ë¯¸ì¹œê²ƒì„ ë„¤ê°...
The control sequence at the end of the top line
of your error message was never \def'ed. If you have
misspelled it (e.g., `\hobx'), type `I' and the correct
spelling (e.g., `I\hbox'). Otherwise just continue,
and I'll forget about whatever was undefined.


! LaTeX Error: Unicode character ë‚´ (U+B0B4)
               not set up for use with LaTeX.

See the LaTeX manual or LaTeX Companion for explanation.
Type  H <return>  for immediate help.
 ...                                              
                                                  
l.6 ... ë¯¸ì³¤ì–´. ë„ˆë„ ë¯¸ì³¤ì–´.} \enquote{ë‚´
                                                  ê°€ ë¯¸ì¹œê²ƒì„ ë„¤ê°€ ì–...

You may provide a definition with
\DeclareUnicodeCharacter 


! LaTeX Error: Unicode character ê°€ (U+AC00)
               not set up for use with LaTeX.

See the LaTeX manual or LaTeX Companion for explanation.
Type  H <return>  for immediate help.
 ...                                              
                                                  
l.6 ...¸ì³¤ì–´. ë„ˆë„ ë¯¸ì³¤ì–´.} \enquote{ë‚´ê°€
                                                   ë¯¸ì¹œê²ƒì„ ë„¤ê°€ ì–´ì°...

You may provide a definition with
\DeclareUnicodeCharacter 


! LaTeX Error: Unicode character ë¯¸ (U+BBF8)
               not set up for use with LaTeX.

See the LaTeX manual or LaTeX Companion for explanation.
Type  H <return>  for immediate help.
 ...                                              
                                                  
l.6 ...ì–´. ë„ˆë„ ë¯¸ì³¤ì–´.} \enquote{ë‚´ê°€ ë¯¸
                                                  ì¹œê²ƒì„ ë„¤ê°€ ì–´ì°Œ ì•...

You may provide a definition with
\DeclareUnicodeCharacter 


! LaTeX Error: Unicode character ì¹œ (U+CE5C)
               not set up for use with LaTeX.

See the LaTeX manual or LaTeX Companion for explanation.
Type  H <return>  for immediate help.
 ...                                              
                                                  
l.6 .... ë„ˆë„ ë¯¸ì³¤ì–´.} \enquote{ë‚´ê°€ ë¯¸ì¹œ
                                                  ê²ƒì„ ë„¤ê°€ ì–´ì°Œ ì•Œì•„?}

You may provide a definition with
\DeclareUnicodeCharacter 


! LaTeX Error: Unicode character ê²ƒ (U+AC83)
               not set up for use with LaTeX.

See the LaTeX manual or LaTeX Companion for explanation.
Type  H <return>  for immediate help.
 ...                                              
                                                  
l.6 ...„ˆë„ ë¯¸ì³¤ì–´.} \enquote{ë‚´ê°€ ë¯¸ì¹œê²ƒ
                                                  ì„ ë„¤ê°€ ì–´ì°Œ ì•Œì•„?}
You may provide a definition with
\DeclareUnicodeCharacter 


! LaTeX Error: Unicode character ì„ (U+C744)
               not set up for use with LaTeX.

See the LaTeX manual or LaTeX Companion for explanation.
Type  H <return>  for immediate help.
 ...                                              
                                                  
l.6 ...„ ë¯¸ì³¤ì–´.} \enquote{ë‚´ê°€ ë¯¸ì¹œê²ƒì„
                                                   ë„¤ê°€ ì–´ì°Œ ì•Œì•„?}
You may provide a definition with
\DeclareUnicodeCharacter 


! LaTeX Error: Unicode character ë„¤ (U+B124)
               not set up for use with LaTeX.

See the LaTeX manual or LaTeX Companion for explanation.
Type  H <return>  for immediate help.
 ...                                              
                                                  
l.6 ...¯¸ì³¤ì–´.} \enquote{ë‚´ê°€ ë¯¸ì¹œê²ƒì„ ë„¤
                                                  ê°€ ì–´ì°Œ ì•Œì•„?}
You may provide a definition with
\DeclareUnicodeCharacter 


! LaTeX Error: Unicode character ê°€ (U+AC00)
               not set up for use with LaTeX.

See the LaTeX manual or LaTeX Companion for explanation.
Type  H <return>  for immediate help.
 ...                                              
                                                  
l.6 ...³¤ì–´.} \enquote{ë‚´ê°€ ë¯¸ì¹œê²ƒì„ ë„¤ê°€
                                                   ì–´ì°Œ ì•Œì•„?}
You may provide a definition with
\DeclareUnicodeCharacter 


! LaTeX Error: Unicode character ì–´ (U+C5B4)
               not set up for use with LaTeX.

See the LaTeX manual or LaTeX Companion for explanation.
Type  H <return>  for immediate help.
 ...                                              
                                                  
l.6 ...´.} \enquote{ë‚´ê°€ ë¯¸ì¹œê²ƒì„ ë„¤ê°€ ì–´
                                                  ì°Œ ì•Œì•„?}
You may provide a definition with
\DeclareUnicodeCharacter 


! LaTeX Error: Unicode character ì°Œ (U+CC0C)
               not set up for use with LaTeX.

See the LaTeX manual or LaTeX Companion for explanation.
Type  H <return>  for immediate help.
 ...                                              
                                                  
l.6 ... \enquote{ë‚´ê°€ ë¯¸ì¹œê²ƒì„ ë„¤ê°€ ì–´ì°Œ
                                                   ì•Œì•„?}
You may provide a definition with
\DeclareUnicodeCharacter 


! LaTeX Error: Unicode character ì•Œ (U+C54C)
               not set up for use with LaTeX.

See the LaTeX manual or LaTeX Companion for explanation.
Type  H <return>  for immediate help.
 ...                                              
                                                  
l.6 ...quote{ë‚´ê°€ ë¯¸ì¹œê²ƒì„ ë„¤ê°€ ì–´ì°Œ ì•Œ
                                                  ì•„?}
You may provide a definition with
\DeclareUnicodeCharacter 


! LaTeX Error: Unicode character ì•„ (U+C544)
               not set up for use with LaTeX.

See the LaTeX manual or LaTeX Companion for explanation.
Type  H <return>  for immediate help.
 ...                                              
                                                  
l.6 ...te{ë‚´ê°€ ë¯¸ì¹œê²ƒì„ ë„¤ê°€ ì–´ì°Œ ì•Œì•„
                                                  ?}
You may provide a definition with
\DeclareUnicodeCharacter 

Missing character: There is no ? in font nullfont!

! LaTeX Error: Unicode character ì•¨ (U+C568)
               not set up for use with LaTeX.

See the LaTeX manual or LaTeX Companion for explanation.
Type  H <return>  for immediate help.
 ...                                              
                                                  
l.7 ì•¨
       ë¦¬ìŠ¤ê°€ ë¬¼ì—ˆë‹¤. \enquote{ê·¸ë˜ì•¼ë§Œí•´.} ê³ ì–‘ì´ê°€ ëŒ€ë‹µí–...

You may provide a definition with
\DeclareUnicodeCharacter 


! LaTeX Error: Unicode character ë¦¬ (U+B9AC)
               not set up for use with LaTeX.

See the LaTeX manual or LaTeX Companion for explanation.
Type  H <return>  for immediate help.
 ...                                              
                                                  
l.7 ì•¨ë¦¬
          ìŠ¤ê°€ ë¬¼ì—ˆë‹¤. \enquote{ê·¸ë˜ì•¼ë§Œí•´.} ê³ ì–‘ì´ê°€ ëŒ€ë‹µí–...

You may provide a definition with
\DeclareUnicodeCharacter 


! LaTeX Error: Unicode character ìŠ¤ (U+C2A4)
               not set up for use with LaTeX.

See the LaTeX manual or LaTeX Companion for explanation.
Type  H <return>  for immediate help.
 ...                                              
                                                  
l.7 ì•¨ë¦¬ìŠ¤
             ê°€ ë¬¼ì—ˆë‹¤. \enquote{ê·¸ë˜ì•¼ë§Œí•´.} ê³ ì–‘ì´ê°€ ëŒ€ë‹µí–...

You may provide a definition with
\DeclareUnicodeCharacter 


! LaTeX Error: Unicode character ê°€ (U+AC00)
               not set up for use with LaTeX.

See the LaTeX manual or LaTeX Companion for explanation.
Type  H <return>  for immediate help.
 ...                                              
                                                  
l.7 ì•¨ë¦¬ìŠ¤ê°€
                 ë¬¼ì—ˆë‹¤. \enquote{ê·¸ë˜ì•¼ë§Œí•´.} ê³ ì–‘ì´ê°€ ëŒ€ë‹µí–...

You may provide a definition with
\DeclareUnicodeCharacter 


! LaTeX Error: Unicode character ë¬¼ (U+BB3C)
               not set up for use with LaTeX.

See the LaTeX manual or LaTeX Companion for explanation.
Type  H <return>  for immediate help.
 ...                                              
                                                  
l.7 ì•¨ë¦¬ìŠ¤ê°€ ë¬¼
                    ì—ˆë‹¤. \enquote{ê·¸ë˜ì•¼ë§Œí•´.} ê³ ì–‘ì´ê°€ ëŒ€ë‹µí–...

You may provide a definition with
\DeclareUnicodeCharacter 


! LaTeX Error: Unicode character ì—ˆ (U+C5C8)
               not set up for use with LaTeX.

See the LaTeX manual or LaTeX Companion for explanation.
Type  H <return>  for immediate help.
 ...                                              
                                                  
l.7 ì•¨ë¦¬ìŠ¤ê°€ ë¬¼ì—ˆ
                       ë‹¤. \enquote{ê·¸ë˜ì•¼ë§Œí•´.} ê³ ì–‘ì´ê°€ ëŒ€ë‹µí–...

You may provide a definition with
\DeclareUnicodeCharacter 


! LaTeX Error: Unicode character ë‹¤ (U+B2E4)
               not set up for use with LaTeX.

See the LaTeX manual or LaTeX Companion for explanation.
Type  H <return>  for immediate help.
 ...                                              
                                                  
l.7 ì•¨ë¦¬ìŠ¤ê°€ ë¬¼ì—ˆë‹¤
                          . \enquote{ê·¸ë˜ì•¼ë§Œí•´.} ê³ ì–‘ì´ê°€ ëŒ€ë‹µí–...

You may provide a definition with
\DeclareUnicodeCharacter 

Missing character: There is no . in font nullfont!
! Undefined control sequence.
l.7 ì•¨ë¦¬ìŠ¤ê°€ ë¬¼ì—ˆë‹¤. \enquote
                                    {ê·¸ë˜ì•¼ë§Œí•´.} ê³ ì–‘ì´ê°€ ëŒ€ë‹µí–...
The control sequence at the end of the top line
of your error message was never \def'ed. If you have
misspelled it (e.g., `\hobx'), type `I' and the correct
spelling (e.g., `I\hbox'). Otherwise just continue,
and I'll forget about whatever was undefined.


! LaTeX Error: Unicode character ê·¸ (U+ADF8)
               not set up for use with LaTeX.

See the LaTeX manual or LaTeX Companion for explanation.
Type  H <return>  for immediate help.
 ...                                              
                                                  
l.7 ì•¨ë¦¬ìŠ¤ê°€ ë¬¼ì—ˆë‹¤. \enquote{ê·¸
                                        ë˜ì•¼ë§Œí•´.} ê³ ì–‘ì´ê°€ ëŒ€ë‹µí–...

You may provide a definition with
\DeclareUnicodeCharacter 


! LaTeX Error: Unicode character ë˜ (U+B798)
               not set up for use with LaTeX.

See the LaTeX manual or LaTeX Companion for explanation.
Type  H <return>  for immediate help.
 ...                                              
                                                  
l.7 ì•¨ë¦¬ìŠ¤ê°€ ë¬¼ì—ˆë‹¤. \enquote{ê·¸ë˜
                                           ì•¼ë§Œí•´.} ê³ ì–‘ì´ê°€ ëŒ€ë‹µí–...

You may provide a definition with
\DeclareUnicodeCharacter 


! LaTeX Error: Unicode character ì•¼ (U+C57C)
               not set up for use with LaTeX.

See the LaTeX manual or LaTeX Companion for explanation.
Type  H <return>  for immediate help.
 ...                                              
                                                  
l.7 ì•¨ë¦¬ìŠ¤ê°€ ë¬¼ì—ˆë‹¤. \enquote{ê·¸ë˜ì•¼
                                              ë§Œí•´.} ê³ ì–‘ì´ê°€ ëŒ€ë‹µí–...

You may provide a definition with
\DeclareUnicodeCharacter 


! LaTeX Error: Unicode character ë§Œ (U+B9CC)
               not set up for use with LaTeX.

See the LaTeX manual or LaTeX Companion for explanation.
Type  H <return>  for immediate help.
 ...                                              
                                                  
l.7 ì•¨ë¦¬ìŠ¤ê°€ ë¬¼ì—ˆë‹¤. \enquote{ê·¸ë˜ì•¼ë§Œ
                                                 í•´.} ê³ ì–‘ì´ê°€ ëŒ€ë‹µí–...

You may provide a definition with
\DeclareUnicodeCharacter 


! LaTeX Error: Unicode character í•´ (U+D574)
               not set up for use with LaTeX.

See the LaTeX manual or LaTeX Companion for explanation.
Type  H <return>  for immediate help.
 ...                                              
                                                  
l.7 ...¬ìŠ¤ê°€ ë¬¼ì—ˆë‹¤. \enquote{ê·¸ë˜ì•¼ë§Œí•´
                                                  .} ê³ ì–‘ì´ê°€ ëŒ€ë‹µí–ˆë...

You may provide a definition with
\DeclareUnicodeCharacter 

Missing character: There is no . in font nullfont!

! LaTeX Error: Unicode character ê³  (U+ACE0)
               not set up for use with LaTeX.

See the LaTeX manual or LaTeX Companion for explanation.
Type  H <return>  for immediate help.
 ...                                              
                                                  
l.7 ...€ ë¬¼ì—ˆë‹¤. \enquote{ê·¸ë˜ì•¼ë§Œí•´.} ê³ 
                                                  ì–‘ì´ê°€ ëŒ€ë‹µí–ˆë‹¤, \e...
(That makes 100 errors; please try again.) 
Here is how much of TeX's memory you used:
 77 strings out of 475237
 982 string characters out of 5764553
 1916244 words of memory out of 5000000
 21418 multiletter control sequences out of 15000+600000
 558415 words of font info for 37 fonts, out of 8000000 for 9000
 1141 hyphenation exceptions out of 8191
 15i,1n,20p,182b,76s stack positions out of 10000i,1000n,20000p,200000b,200000s

!  ==> Fatal error occurred, no output PDF file produced!
